Using pre-set license
Built from '2020.3/staging' branch; Version is '2020.3.10f1 (297d780c91bc) revision 2719096'; Using compiler version '192528614'; Build Type 'Release'
OS: 'Windows 10 Pro; OS build 19043.1288; Version 2009; 64bit' Language: 'en' Physical Memory: 16324 MB
BatchMode: 1, IsHumanControllingUs: 0, StartBugReporterOnCrash: 0, Is64bit: 1, IsPro: 0

 COMMAND LINE ARGUMENTS:
C:\Program Files\Unity\Hub\Editor\2020.3.10f1\Editor\Unity.exe
-adb2
-batchMode
-noUpm
-name
AssetImportWorker0
-projectPath
C:/Users/Kai/Desktop/All the things/Murdoch work/Murdoch S2 2021/GAD210/GAD210_ClimbAgainstTime_Project
-logFile
Logs/AssetImportWorker0.log
-srvPort
17639
Successfully changed project path to: C:/Users/Kai/Desktop/All the things/Murdoch work/Murdoch S2 2021/GAD210/GAD210_ClimbAgainstTime_Project
C:/Users/Kai/Desktop/All the things/Murdoch work/Murdoch S2 2021/GAD210/GAD210_ClimbAgainstTime_Project
Using Asset Import Pipeline V2.
Refreshing native plugins compatible for Editor in 55.28 ms, found 2 plugins.
Preloading 0 native plugins for Editor in 0.00 ms.
Initialize engine version: 2020.3.10f1 (297d780c91bc)
[Subsystems] Discovering subsystems at path C:/Program Files/Unity/Hub/Editor/2020.3.10f1/Editor/Data/Resources/UnitySubsystems
[Subsystems] Discovering subsystems at path C:/Users/Kai/Desktop/All the things/Murdoch work/Murdoch S2 2021/GAD210/GAD210_ClimbAgainstTime_Project/Assets
GfxDevice: creating device client; threaded=0
Direct3D:
    Version:  Direct3D 11.0 [level 11.1]
    Renderer: NVIDIA GeForce RTX 3060 Ti (ID=0x2489)
    Vendor:   
    VRAM:     8050 MB
    Driver:   30.0.14.7212
Initialize mono
Mono path[0] = 'C:/Program Files/Unity/Hub/Editor/2020.3.10f1/Editor/Data/Managed'
Mono path[1] = 'C:/Program Files/Unity/Hub/Editor/2020.3.10f1/Editor/Data/MonoBleedingEdge/lib/mono/unityjit'
Mono config path = 'C:/Program Files/Unity/Hub/Editor/2020.3.10f1/Editor/Data/MonoBleedingEdge/etc'
Using monoOptions --debugger-agent=transport=dt_socket,embedding=1,server=y,suspend=n,address=127.0.0.1:56796
Begin MonoManager ReloadAssembly
Registering precompiled unity dll's ...
Register platform support module: C:/Program Files/Unity/Hub/Editor/2020.3.10f1/Editor/Data/PlaybackEngines/WindowsStandaloneSupport/UnityEditor.WindowsStandalone.Extensions.dll
Registered in 0.005409 seconds.
Native extension for WindowsStandalone target not found
Refreshing native plugins compatible for Editor in 58.84 ms, found 2 plugins.
Preloading 0 native plugins for Editor in 0.00 ms.
Mono: successfully reloaded assembly
- Completed reload, in  1.993 seconds
Platform modules already initialized, skipping
Registering precompiled user dll's ...
Registered in 0.005637 seconds.
Begin MonoManager ReloadAssembly
Native extension for WindowsStandalone target not found
Refreshing native plugins compatible for Editor in 0.42 ms, found 2 plugins.
Preloading 0 native plugins for Editor in 0.00 ms.
Mono: successfully reloaded assembly
- Completed reload, in  1.820 seconds
Platform modules already initialized, skipping
========================================================================
Worker process is ready to serve import requests
Launched and connected shader compiler UnityShaderCompiler.exe after 0.06 seconds
Refreshing native plugins compatible for Editor in 1.75 ms, found 2 plugins.
Preloading 0 native plugins for Editor in 0.00 ms.
Unloading 1535 Unused Serialized files (Serialized files now loaded: 0)
System memory in use before: 103.9 MB.
System memory in use after: 103.7 MB.

Unloading 18 unused Assets to reduce memory usage. Loaded Objects now: 2012.
Total: 4.245500 ms (FindLiveObjects: 0.388400 ms CreateObjectMapping: 0.081200 ms MarkObjects: 3.347700 ms  DeleteObjects: 0.426900 ms)

========================================================================
Received Import Request.
  path: Assets/MainGame/Scenes/TheDungeon.unity
  artifactKey: Guid(a3fedefef377dc24584c4d0eb22da6f2) Importer(815301076,1909f56bfc062723c751e8b465ee728b)
Start importing Assets/MainGame/Scenes/TheDungeon.unity using Guid(a3fedefef377dc24584c4d0eb22da6f2) Importer(815301076,1909f56bfc062723c751e8b465ee728b)  -> (artifact id: 'd91adc843795fc7bd4654d8a49f3953b') in 0.028673 seconds
  Import took 0.031898 seconds .

========================================================================
Received Prepare
Registering precompiled user dll's ...
Registered in 0.007715 seconds.
Begin MonoManager ReloadAssembly
Native extension for WindowsStandalone target not found
Refreshing native plugins compatible for Editor in 0.41 ms, found 2 plugins.
Preloading 0 native plugins for Editor in 0.00 ms.
Mono: successfully reloaded assembly
- Completed reload, in  1.406 seconds
Platform modules already initialized, skipping
Refreshing native plugins compatible for Editor in 0.41 ms, found 2 plugins.
Preloading 0 native plugins for Editor in 0.00 ms.
Unloading 1511 Unused Serialized files (Serialized files now loaded: 0)
System memory in use before: 102.0 MB.
System memory in use after: 101.8 MB.

Unloading 14 unused Assets to reduce memory usage. Loaded Objects now: 2015.
Total: 3.854400 ms (FindLiveObjects: 0.169700 ms CreateObjectMapping: 0.049400 ms MarkObjects: 3.336000 ms  DeleteObjects: 0.297900 ms)

========================================================================
Received Import Request.
  Time since last request: 219.488908 seconds.
  path: Assets/MainGame/Scripts/FallingPlatform.cs
  artifactKey: Guid(67e0f697a5a4db146ad2a13f486113be) Importer(815301076,1909f56bfc062723c751e8b465ee728b)
Start importing Assets/MainGame/Scripts/FallingPlatform.cs using Guid(67e0f697a5a4db146ad2a13f486113be) Importer(815301076,1909f56bfc062723c751e8b465ee728b)  -> (artifact id: '287852ad3ee757b98f607b365a1b660d') in 0.059161 seconds
  Import took 0.061946 seconds .

========================================================================
Received Prepare
Registering precompiled user dll's ...
Registered in 0.006533 seconds.
Begin MonoManager ReloadAssembly
Native extension for WindowsStandalone target not found
Refreshing native plugins compatible for Editor in 0.54 ms, found 2 plugins.
Preloading 0 native plugins for Editor in 0.00 ms.
Mono: successfully reloaded assembly
- Completed reload, in  1.485 seconds
Platform modules already initialized, skipping
Refreshing native plugins compatible for Editor in 0.49 ms, found 2 plugins.
Preloading 0 native plugins for Editor in 0.00 ms.
Unloading 1512 Unused Serialized files (Serialized files now loaded: 0)
System memory in use before: 102.1 MB.
System memory in use after: 101.9 MB.

Unloading 14 unused Assets to reduce memory usage. Loaded Objects now: 2019.
Total: 2.678000 ms (FindLiveObjects: 0.158200 ms CreateObjectMapping: 0.050600 ms MarkObjects: 2.150000 ms  DeleteObjects: 0.318000 ms)

========================================================================
Received Import Request.
  Time since last request: 507.891416 seconds.
  path: Assets/MainGame/Scripts/FallingPlatform.cs
  artifactKey: Guid(67e0f697a5a4db146ad2a13f486113be) Importer(815301076,1909f56bfc062723c751e8b465ee728b)
Start importing Assets/MainGame/Scripts/FallingPlatform.cs using Guid(67e0f697a5a4db146ad2a13f486113be) Importer(815301076,1909f56bfc062723c751e8b465ee728b)  -> (artifact id: '8cce46656d179d2140ac17f9a9a128e7') in 0.016934 seconds
  Import took 0.020703 seconds .

========================================================================
Received Import Request.
  Time since last request: 0.028749 seconds.
  path: Assets/MainGame/Scripts/FallingPlatform.cs
  artifactKey: Guid(67e0f697a5a4db146ad2a13f486113be) Importer(815301076,1909f56bfc062723c751e8b465ee728b)
Start importing Assets/MainGame/Scripts/FallingPlatform.cs using Guid(67e0f697a5a4db146ad2a13f486113be) Importer(815301076,1909f56bfc062723c751e8b465ee728b)  -> (artifact id: '8cce46656d179d2140ac17f9a9a128e7') in 0.012131 seconds
  Import took 0.018388 seconds .

========================================================================
Received Import Request.
  Time since last request: 30.635167 seconds.
  path: Assets/MainGame/Prefabs/Falling Stairs.prefab
  artifactKey: Guid(974ee41e4ea5c7646bef7a8c6f2ccb29) Importer(815301076,1909f56bfc062723c751e8b465ee728b)
Start importing Assets/MainGame/Prefabs/Falling Stairs.prefab using Guid(974ee41e4ea5c7646bef7a8c6f2ccb29) Importer(815301076,1909f56bfc062723c751e8b465ee728b)  -> (artifact id: '8209accca3df225340f0456ae01d3b41') in 0.131122 seconds
  Import took 0.135852 seconds .

========================================================================
Received Import Request.
  Time since last request: 8.258251 seconds.
  path: Assets/MainGame/Prefabs/Falling Stairs.prefab
  artifactKey: Guid(974ee41e4ea5c7646bef7a8c6f2ccb29) Importer(815301076,1909f56bfc062723c751e8b465ee728b)
Start importing Assets/MainGame/Prefabs/Falling Stairs.prefab using Guid(974ee41e4ea5c7646bef7a8c6f2ccb29) Importer(815301076,1909f56bfc062723c751e8b465ee728b)  -> (artifact id: '1c8a64593cc6e0cfa95d0fd14a121da3') in 0.021912 seconds
  Import took 0.025070 seconds .

========================================================================
Received Import Request.
  Time since last request: 0.001756 seconds.
  path: Assets/MainGame/Prefabs/Falling Stairs.prefab
  artifactKey: Guid(974ee41e4ea5c7646bef7a8c6f2ccb29) Importer(815301076,1909f56bfc062723c751e8b465ee728b)
Start importing Assets/MainGame/Prefabs/Falling Stairs.prefab using Guid(974ee41e4ea5c7646bef7a8c6f2ccb29) Importer(815301076,1909f56bfc062723c751e8b465ee728b)  -> (artifact id: '1c8a64593cc6e0cfa95d0fd14a121da3') in 0.021738 seconds
  Import took 0.024592 seconds .

========================================================================
Received Prepare
Registering precompiled user dll's ...
Registered in 0.007435 seconds.
Begin MonoManager ReloadAssembly
Native extension for WindowsStandalone target not found
Refreshing native plugins compatible for Editor in 0.42 ms, found 2 plugins.
Preloading 0 native plugins for Editor in 0.00 ms.
Mono: successfully reloaded assembly
- Completed reload, in  1.229 seconds
Platform modules already initialized, skipping
Refreshing native plugins compatible for Editor in 0.45 ms, found 2 plugins.
Preloading 0 native plugins for Editor in 0.00 ms.
Unloading 1512 Unused Serialized files (Serialized files now loaded: 0)
System memory in use before: 105.2 MB.
System memory in use after: 105.0 MB.

Unloading 15 unused Assets to reduce memory usage. Loaded Objects now: 2030.
Total: 3.215300 ms (FindLiveObjects: 0.198000 ms CreateObjectMapping: 0.069700 ms MarkObjects: 2.667000 ms  DeleteObjects: 0.279400 ms)

========================================================================
Received Prepare
Registering precompiled user dll's ...
Registered in 0.006506 seconds.
Begin MonoManager ReloadAssembly
Native extension for WindowsStandalone target not found
Refreshing native plugins compatible for Editor in 0.85 ms, found 2 plugins.
Preloading 0 native plugins for Editor in 0.00 ms.
Mono: successfully reloaded assembly
- Completed reload, in  1.932 seconds
Platform modules already initialized, skipping
Refreshing native plugins compatible for Editor in 1.21 ms, found 2 plugins.
Preloading 0 native plugins for Editor in 0.00 ms.
Unloading 1512 Unused Serialized files (Serialized files now loaded: 0)
System memory in use before: 105.3 MB.
System memory in use after: 105.0 MB.

Unloading 14 unused Assets to reduce memory usage. Loaded Objects now: 2033.
Total: 6.699700 ms (FindLiveObjects: 0.522000 ms CreateObjectMapping: 0.278600 ms MarkObjects: 5.519200 ms  DeleteObjects: 0.378100 ms)

========================================================================
Received Import Request.
  Time since last request: 1373.475888 seconds.
  path: Assets/MainGame/Prefabs/Falling Stairs.prefab
  artifactKey: Guid(974ee41e4ea5c7646bef7a8c6f2ccb29) Importer(815301076,1909f56bfc062723c751e8b465ee728b)
Start importing Assets/MainGame/Prefabs/Falling Stairs.prefab using Guid(974ee41e4ea5c7646bef7a8c6f2ccb29) Importer(815301076,1909f56bfc062723c751e8b465ee728b)  -> (artifact id: '04bcf443e4f2547b63b07bc0634eb601') in 0.073818 seconds
  Import took 0.077478 seconds .

========================================================================
Received Import Request.
  Time since last request: 7.434259 seconds.
  path: Assets/Standard Assets/Environment/SpeedTree/Palm/PalmFrond_Normal.tga
  artifactKey: Guid(c4a7fc95fd5ac3942b8e85ec6c60a1fa) Importer(815301076,1909f56bfc062723c751e8b465ee728b)
Start importing Assets/Standard Assets/Environment/SpeedTree/Palm/PalmFrond_Normal.tga using Guid(c4a7fc95fd5ac3942b8e85ec6c60a1fa) Importer(815301076,1909f56bfc062723c751e8b465ee728b)  -> (artifact id: 'd6cd0bc18af38a9663ab67c92a0f4849') in 0.056554 seconds
  Import took 0.059215 seconds .

========================================================================
Received Import Request.
  Time since last request: 0.000251 seconds.
  path: Assets/Standard Assets/Vehicles/Car/Textures/ParticleCloudWhite.png
  artifactKey: Guid(b16c22b4e3fa11d4b9e83f6fcfac8cc6) Importer(815301076,1909f56bfc062723c751e8b465ee728b)
Start importing Assets/Standard Assets/Vehicles/Car/Textures/ParticleCloudWhite.png using Guid(b16c22b4e3fa11d4b9e83f6fcfac8cc6) Importer(815301076,1909f56bfc062723c751e8b465ee728b)  -> (artifact id: '259de38e5a715e2464ab548d0a434c3e') in 0.020270 seconds
  Import took 0.023111 seconds .

========================================================================
Received Import Request.
  Time since last request: 0.000264 seconds.
  path: Assets/Standard Assets/Environment/SpeedTree/Palm/PalmFrond_Spec.tga
  artifactKey: Guid(3e27d9cfd3a59af4ebdf7444f6f57620) Importer(815301076,1909f56bfc062723c751e8b465ee728b)
Start importing Assets/Standard Assets/Environment/SpeedTree/Palm/PalmFrond_Spec.tga using Guid(3e27d9cfd3a59af4ebdf7444f6f57620) Importer(815301076,1909f56bfc062723c751e8b465ee728b)  -> (artifact id: '82f99308ceda3083026b178181a997d4') in 0.026177 seconds
  Import took 0.029292 seconds .

========================================================================
Received Import Request.
  Time since last request: 0.000262 seconds.
  path: Assets/Standard Assets/Environment/SpeedTree/Palm/PalmFrond_Normal.tga
  artifactKey: Guid(c4a7fc95fd5ac3942b8e85ec6c60a1fa) Importer(815301076,1909f56bfc062723c751e8b465ee728b)
Start importing Assets/Standard Assets/Environment/SpeedTree/Palm/PalmFrond_Normal.tga using Guid(c4a7fc95fd5ac3942b8e85ec6c60a1fa) Importer(815301076,1909f56bfc062723c751e8b465ee728b)  -> (artifact id: 'd6cd0bc18af38a9663ab67c92a0f4849') in 0.014677 seconds
  Import took 0.017151 seconds .

========================================================================
Received Import Request.
  Time since last request: 0.732349 seconds.
  path: Assets/Standard Assets/Environment/SpeedTree/Palm/PalmBark_Normal.tga
  artifactKey: Guid(f15241bc5a839ea46bf857431081d715) Importer(815301076,1909f56bfc062723c751e8b465ee728b)
Start importing Assets/Standard Assets/Environment/SpeedTree/Palm/PalmBark_Normal.tga using Guid(f15241bc5a839ea46bf857431081d715) Importer(815301076,1909f56bfc062723c751e8b465ee728b)  -> (artifact id: '31c1f8a5c05f51c318fa268eb9d187a2') in 0.019254 seconds
  Import took 0.022154 seconds .

========================================================================
Received Import Request.
  Time since last request: 0.000261 seconds.
  path: Assets/Standard Assets/Environment/SpeedTree/Palm/PalmFrond.tga
  artifactKey: Guid(b87734d3c84dd1c43bd931282e470145) Importer(815301076,1909f56bfc062723c751e8b465ee728b)
Start importing Assets/Standard Assets/Environment/SpeedTree/Palm/PalmFrond.tga using Guid(b87734d3c84dd1c43bd931282e470145) Importer(815301076,1909f56bfc062723c751e8b465ee728b)  -> (artifact id: 'cf5b5c92fe18c4a35011a998bef0d41c') in 0.019279 seconds
  Import took 0.022090 seconds .

========================================================================
Received Import Request.
  Time since last request: 0.042971 seconds.
  path: Assets/Standard Assets/Environment/SpeedTree/Palm/PalmBark_Detail.tga
  artifactKey: Guid(4d6c994b9ad45b847bc67ec5f857fc78) Importer(815301076,1909f56bfc062723c751e8b465ee728b)
Start importing Assets/Standard Assets/Environment/SpeedTree/Palm/PalmBark_Detail.tga using Guid(4d6c994b9ad45b847bc67ec5f857fc78) Importer(815301076,1909f56bfc062723c751e8b465ee728b)  -> (artifact id: '0685b29e22aa9aacee36f0b333031f57') in 0.020951 seconds
  Import took 0.023734 seconds .

========================================================================
Received Import Request.
  Time since last request: 0.000267 seconds.
  path: Assets/Standard Assets/Environment/SpeedTree/Palm/PalmBark_Detail_Normal.tga
  artifactKey: Guid(bf4c945c1f5a9b74bb15ab0c7f238617) Importer(815301076,1909f56bfc062723c751e8b465ee728b)
Start importing Assets/Standard Assets/Environment/SpeedTree/Palm/PalmBark_Detail_Normal.tga using Guid(bf4c945c1f5a9b74bb15ab0c7f238617) Importer(815301076,1909f56bfc062723c751e8b465ee728b)  -> (artifact id: 'ea081aa2f6ed74d79b315a6b129430cd') in 0.021383 seconds
  Import took 0.024045 seconds .

========================================================================
Received Import Request.
  Time since last request: 0.129121 seconds.
  path: Assets/Standard Assets/Environment/SpeedTree/Palm/Palm_Desktop_Atlas_Specular.tga
  artifactKey: Guid(6af82a665aaf44c41874a383a4225c48) Importer(815301076,1909f56bfc062723c751e8b465ee728b)
Start importing Assets/Standard Assets/Environment/SpeedTree/Palm/Palm_Desktop_Atlas_Specular.tga using Guid(6af82a665aaf44c41874a383a4225c48) Importer(815301076,1909f56bfc062723c751e8b465ee728b)  -> (artifact id: '2dcde735d7cac64a344920ceb2c9f2fb') in 0.027103 seconds
  Import took 0.030156 seconds .

========================================================================
Received Import Request.
  Time since last request: 0.000288 seconds.
  path: Assets/Standard Assets/Environment/SpeedTree/Palm/Palm_Desktop_Atlas_Normal.tga
  artifactKey: Guid(20c65bc5a7d28f54c9ca69569d77706d) Importer(815301076,1909f56bfc062723c751e8b465ee728b)
Start importing Assets/Standard Assets/Environment/SpeedTree/Palm/Palm_Desktop_Atlas_Normal.tga using Guid(20c65bc5a7d28f54c9ca69569d77706d) Importer(815301076,1909f56bfc062723c751e8b465ee728b)  -> (artifact id: '6aed0684e31d493945d7c4b92fe22536') in 0.024733 seconds
  Import took 0.027403 seconds .

========================================================================
Received Import Request.
  Time since last request: 0.000245 seconds.
  path: Assets/Standard Assets/Environment/SpeedTree/Palm/Palm_Desktop_Atlas_Billboards.tga
  artifactKey: Guid(a9c35d1eec67849419bd87d162ba90a7) Importer(815301076,1909f56bfc062723c751e8b465ee728b)
Start importing Assets/Standard Assets/Environment/SpeedTree/Palm/Palm_Desktop_Atlas_Billboards.tga using Guid(a9c35d1eec67849419bd87d162ba90a7) Importer(815301076,1909f56bfc062723c751e8b465ee728b)  -> (artifact id: '7a773cc79747543fb9e2acf32d608957') in 0.027469 seconds
  Import took 0.030264 seconds .

========================================================================
Received Import Request.
  Time since last request: 0.000279 seconds.
  path: Assets/Standard Assets/Environment/SpeedTree/Palm/Palm_Desktop_Atlas.tga
  artifactKey: Guid(03a71764f1184704c9a74acb7490450e) Importer(815301076,1909f56bfc062723c751e8b465ee728b)
Start importing Assets/Standard Assets/Environment/SpeedTree/Palm/Palm_Desktop_Atlas.tga using Guid(03a71764f1184704c9a74acb7490450e) Importer(815301076,1909f56bfc062723c751e8b465ee728b)  -> (artifact id: '6cadce99b2140116bfcc5904f501f252') in 0.025164 seconds
  Import took 0.027873 seconds .

========================================================================
Received Import Request.
  Time since last request: 0.000269 seconds.
  path: Assets/Standard Assets/Environment/TerrainAssets/SurfaceTextures/MudRockyNormals.bmp
  artifactKey: Guid(58a059b07b093a745b47c2191525ddce) Importer(815301076,1909f56bfc062723c751e8b465ee728b)
Start importing Assets/Standard Assets/Environment/TerrainAssets/SurfaceTextures/MudRockyNormals.bmp using Guid(58a059b07b093a745b47c2191525ddce) Importer(815301076,1909f56bfc062723c751e8b465ee728b)  -> (artifact id: '928f267ea0efdd357039e602275cd610') in 0.026173 seconds
  Import took 0.028881 seconds .

========================================================================
Received Import Request.
  Time since last request: 0.000162 seconds.
  path: Assets/Standard Assets/Environment/SpeedTree/Palm/Palm_Desktop_Atlas_Billboards_Normal.tga
  artifactKey: Guid(bf8162ab40cfad34cac743bdc2939f99) Importer(815301076,1909f56bfc062723c751e8b465ee728b)
Start importing Assets/Standard Assets/Environment/SpeedTree/Palm/Palm_Desktop_Atlas_Billboards_Normal.tga using Guid(bf8162ab40cfad34cac743bdc2939f99) Importer(815301076,1909f56bfc062723c751e8b465ee728b)  -> (artifact id: '8cae2e5f2c740a84c0592757f66d88a0') in 0.056514 seconds
  Import took 0.061154 seconds .

========================================================================
Received Import Request.
  Time since last request: 0.000195 seconds.
  path: Assets/Standard Assets/Environment/SpeedTree/Palm/PalmBark.tga
  artifactKey: Guid(dd49a2ed5943a014e8d933ff5381281a) Importer(815301076,1909f56bfc062723c751e8b465ee728b)
Start importing Assets/Standard Assets/Environment/SpeedTree/Palm/PalmBark.tga using Guid(dd49a2ed5943a014e8d933ff5381281a) Importer(815301076,1909f56bfc062723c751e8b465ee728b)  -> (artifact id: 'ad26529bacec42a6af066903e3d7040b') in 0.031066 seconds
  Import took 0.035744 seconds .

========================================================================
Received Import Request.
  Time since last request: 1.009281 seconds.
  path: Assets/Standard Assets/Effects/LightCookies/Textures/LightSquareCookie.psd
  artifactKey: Guid(69680b688d11eb9d30009b3b4241aa39) Importer(815301076,1909f56bfc062723c751e8b465ee728b)
Start importing Assets/Standard Assets/Effects/LightCookies/Textures/LightSquareCookie.psd using Guid(69680b688d11eb9d30009b3b4241aa39) Importer(815301076,1909f56bfc062723c751e8b465ee728b)  -> (artifact id: '4f148f13b622188d3d57e0a7695f7d1a') in 0.020980 seconds
  Import took 0.023895 seconds .

========================================================================
Received Import Request.
  Time since last request: 0.000286 seconds.
  path: Assets/Standard Assets/Effects/LightCookies/Textures/LightSoftCookie.tif
  artifactKey: Guid(8caa437b19957a045866b84c6218a0db) Importer(815301076,1909f56bfc062723c751e8b465ee728b)
Start importing Assets/Standard Assets/Effects/LightCookies/Textures/LightSoftCookie.tif using Guid(8caa437b19957a045866b84c6218a0db) Importer(815301076,1909f56bfc062723c751e8b465ee728b)  -> (artifact id: 'fa8b7f4c8b827c3b187578d42e35ff4f') in 0.028876 seconds
  Import took 0.031583 seconds .

========================================================================
Received Import Request.
  Time since last request: 0.000255 seconds.
  path: Assets/Standard Assets/Environment/TerrainAssets/SurfaceTextures/MudRockyAlbedoSpecular.bmp
  artifactKey: Guid(ef5c51cfa2ce46043a41a376b560c525) Importer(815301076,1909f56bfc062723c751e8b465ee728b)
Start importing Assets/Standard Assets/Environment/TerrainAssets/SurfaceTextures/MudRockyAlbedoSpecular.bmp using Guid(ef5c51cfa2ce46043a41a376b560c525) Importer(815301076,1909f56bfc062723c751e8b465ee728b)  -> (artifact id: '1239ab112aa81995d4c4500a4aecff96') in 0.026017 seconds
  Import took 0.028559 seconds .

========================================================================
Received Import Request.
  Time since last request: 0.885863 seconds.
  path: Assets/MainGame/Prefabs/Trophy.prefab
  artifactKey: Guid(3081743389091bb488d76b6368ba4d90) Importer(815301076,1909f56bfc062723c751e8b465ee728b)
Start importing Assets/MainGame/Prefabs/Trophy.prefab using Guid(3081743389091bb488d76b6368ba4d90) Importer(815301076,1909f56bfc062723c751e8b465ee728b)  -> (artifact id: '1abe531514b60392ed435f56cf6f2f10') in 0.017974 seconds
  Import took 0.022203 seconds .

========================================================================
Received Import Request.
  Time since last request: 36.991199 seconds.
  path: Assets/MainGame/Scenes/TheDungeon.unity
  artifactKey: Guid(a3fedefef377dc24584c4d0eb22da6f2) Importer(815301076,1909f56bfc062723c751e8b465ee728b)
Start importing Assets/MainGame/Scenes/TheDungeon.unity using Guid(a3fedefef377dc24584c4d0eb22da6f2) Importer(815301076,1909f56bfc062723c751e8b465ee728b)  -> (artifact id: '65a67e120577a06cfbc3e74b95acb05f') in 0.004247 seconds
  Import took 0.007264 seconds .

========================================================================
Received Prepare
Registering precompiled user dll's ...
Registered in 0.004139 seconds.
Begin MonoManager ReloadAssembly
Native extension for WindowsStandalone target not found
Refreshing native plugins compatible for Editor in 0.39 ms, found 2 plugins.
Preloading 0 native plugins for Editor in 0.00 ms.
Mono: successfully reloaded assembly
- Completed reload, in  1.043 seconds
Platform modules already initialized, skipping
Refreshing native plugins compatible for Editor in 0.46 ms, found 2 plugins.
Preloading 0 native plugins for Editor in 0.00 ms.
Unloading 1512 Unused Serialized files (Serialized files now loaded: 0)
System memory in use before: 105.4 MB.
System memory in use after: 105.2 MB.

Unloading 15 unused Assets to reduce memory usage. Loaded Objects now: 2045.
Total: 2.543200 ms (FindLiveObjects: 0.168500 ms CreateObjectMapping: 0.057500 ms MarkObjects: 2.007300 ms  DeleteObjects: 0.308800 ms)

========================================================================
Received Prepare
Registering precompiled user dll's ...
Registered in 0.004272 seconds.
Begin MonoManager ReloadAssembly
Native extension for WindowsStandalone target not found
Refreshing native plugins compatible for Editor in 0.38 ms, found 2 plugins.
Preloading 0 native plugins for Editor in 0.00 ms.
Mono: successfully reloaded assembly
- Completed reload, in  1.015 seconds
Platform modules already initialized, skipping
Refreshing native plugins compatible for Editor in 0.38 ms, found 2 plugins.
Preloading 0 native plugins for Editor in 0.00 ms.
Unloading 1512 Unused Serialized files (Serialized files now loaded: 0)
System memory in use before: 105.4 MB.
System memory in use after: 105.2 MB.

Unloading 14 unused Assets to reduce memory usage. Loaded Objects now: 2048.
Total: 2.312100 ms (FindLiveObjects: 0.145200 ms CreateObjectMapping: 0.045800 ms MarkObjects: 1.818200 ms  DeleteObjects: 0.302200 ms)

========================================================================
Received Prepare
Registering precompiled user dll's ...
Registered in 0.004622 seconds.
Begin MonoManager ReloadAssembly
Native extension for WindowsStandalone target not found
Refreshing native plugins compatible for Editor in 0.43 ms, found 2 plugins.
Preloading 0 native plugins for Editor in 0.00 ms.
Mono: successfully reloaded assembly
- Completed reload, in  1.118 seconds
Platform modules already initialized, skipping
Refreshing native plugins compatible for Editor in 0.40 ms, found 2 plugins.
Preloading 0 native plugins for Editor in 0.00 ms.
Unloading 1512 Unused Serialized files (Serialized files now loaded: 0)
System memory in use before: 105.4 MB.
System memory in use after: 105.2 MB.

Unloading 14 unused Assets to reduce memory usage. Loaded Objects now: 2051.
Total: 2.503200 ms (FindLiveObjects: 0.181600 ms CreateObjectMapping: 0.056900 ms MarkObjects: 1.953500 ms  DeleteObjects: 0.310100 ms)

========================================================================
Received Prepare
Registering precompiled user dll's ...
Registered in 0.004012 seconds.
Begin MonoManager ReloadAssembly
Native extension for WindowsStandalone target not found
Refreshing native plugins compatible for Editor in 0.41 ms, found 2 plugins.
Preloading 0 native plugins for Editor in 0.00 ms.
Mono: successfully reloaded assembly
- Completed reload, in  1.043 seconds
Platform modules already initialized, skipping
Refreshing native plugins compatible for Editor in 0.39 ms, found 2 plugins.
Preloading 0 native plugins for Editor in 0.00 ms.
Unloading 1512 Unused Serialized files (Serialized files now loaded: 0)
System memory in use before: 105.4 MB.
System memory in use after: 105.2 MB.

Unloading 14 unused Assets to reduce memory usage. Loaded Objects now: 2054.
Total: 2.473700 ms (FindLiveObjects: 0.156400 ms CreateObjectMapping: 0.132300 ms MarkObjects: 1.877400 ms  DeleteObjects: 0.306700 ms)

========================================================================
Received Import Request.
  Time since last request: 258.573288 seconds.
  path: Assets/MainGame/Prefabs/FPSController.prefab
  artifactKey: Guid(5e9e851c0e142814dac026a256ba2ac0) Importer(815301076,1909f56bfc062723c751e8b465ee728b)
Start importing Assets/MainGame/Prefabs/FPSController.prefab using Guid(5e9e851c0e142814dac026a256ba2ac0) Importer(815301076,1909f56bfc062723c751e8b465ee728b)  -> (artifact id: 'd126b6eeb42220cadda605dd20779943') in 0.054166 seconds
  Import took 0.056868 seconds .

========================================================================
Received Prepare
Registering precompiled user dll's ...
Registered in 0.005167 seconds.
Begin MonoManager ReloadAssembly
Native extension for WindowsStandalone target not found
Refreshing native plugins compatible for Editor in 0.42 ms, found 2 plugins.
Preloading 0 native plugins for Editor in 0.00 ms.
Mono: successfully reloaded assembly
- Completed reload, in  1.040 seconds
Platform modules already initialized, skipping
Refreshing native plugins compatible for Editor in 0.38 ms, found 2 plugins.
Preloading 0 native plugins for Editor in 0.00 ms.
Unloading 1512 Unused Serialized files (Serialized files now loaded: 0)
System memory in use before: 105.5 MB.
System memory in use after: 105.2 MB.

Unloading 14 unused Assets to reduce memory usage. Loaded Objects now: 2057.
Total: 2.412500 ms (FindLiveObjects: 0.172000 ms CreateObjectMapping: 0.056600 ms MarkObjects: 1.851000 ms  DeleteObjects: 0.332000 ms)

========================================================================
Received Prepare
Registering precompiled user dll's ...
Registered in 0.004071 seconds.
Begin MonoManager ReloadAssembly
Native extension for WindowsStandalone target not found
Refreshing native plugins compatible for Editor in 0.39 ms, found 2 plugins.
Preloading 0 native plugins for Editor in 0.00 ms.
Mono: successfully reloaded assembly
- Completed reload, in  1.023 seconds
Platform modules already initialized, skipping
Refreshing native plugins compatible for Editor in 0.39 ms, found 2 plugins.
Preloading 0 native plugins for Editor in 0.00 ms.
Unloading 1512 Unused Serialized files (Serialized files now loaded: 0)
System memory in use before: 105.4 MB.
System memory in use after: 105.2 MB.

Unloading 14 unused Assets to reduce memory usage. Loaded Objects now: 2060.
Total: 2.560400 ms (FindLiveObjects: 0.143200 ms CreateObjectMapping: 0.043600 ms MarkObjects: 2.058600 ms  DeleteObjects: 0.314100 ms)

========================================================================
Received Prepare
Registering precompiled user dll's ...
Registered in 0.004202 seconds.
Begin MonoManager ReloadAssembly
Native extension for WindowsStandalone target not found
Refreshing native plugins compatible for Editor in 0.38 ms, found 2 plugins.
Preloading 0 native plugins for Editor in 0.00 ms.
Mono: successfully reloaded assembly
- Completed reload, in  0.983 seconds
Platform modules already initialized, skipping
Refreshing native plugins compatible for Editor in 0.38 ms, found 2 plugins.
Preloading 0 native plugins for Editor in 0.00 ms.
Unloading 1512 Unused Serialized files (Serialized files now loaded: 0)
System memory in use before: 105.4 MB.
System memory in use after: 105.2 MB.

Unloading 14 unused Assets to reduce memory usage. Loaded Objects now: 2063.
Total: 2.458000 ms (FindLiveObjects: 0.146200 ms CreateObjectMapping: 0.045500 ms MarkObjects: 1.934700 ms  DeleteObjects: 0.330600 ms)

========================================================================
Received Prepare
Registering precompiled user dll's ...
Registered in 0.004086 seconds.
Begin MonoManager ReloadAssembly
Native extension for WindowsStandalone target not found
Refreshing native plugins compatible for Editor in 0.39 ms, found 2 plugins.
Preloading 0 native plugins for Editor in 0.00 ms.
Mono: successfully reloaded assembly
- Completed reload, in  0.995 seconds
Platform modules already initialized, skipping
Refreshing native plugins compatible for Editor in 0.40 ms, found 2 plugins.
Preloading 0 native plugins for Editor in 0.00 ms.
Unloading 1512 Unused Serialized files (Serialized files now loaded: 0)
System memory in use before: 105.4 MB.
System memory in use after: 105.2 MB.

Unloading 14 unused Assets to reduce memory usage. Loaded Objects now: 2066.
Total: 2.610500 ms (FindLiveObjects: 0.150600 ms CreateObjectMapping: 0.047500 ms MarkObjects: 2.072600 ms  DeleteObjects: 0.338800 ms)

========================================================================
Received Prepare
Registering precompiled user dll's ...
Registered in 0.004126 seconds.
Begin MonoManager ReloadAssembly
Native extension for WindowsStandalone target not found
Refreshing native plugins compatible for Editor in 0.39 ms, found 2 plugins.
Preloading 0 native plugins for Editor in 0.00 ms.
Mono: successfully reloaded assembly
- Completed reload, in  1.072 seconds
Platform modules already initialized, skipping
Refreshing native plugins compatible for Editor in 0.42 ms, found 2 plugins.
Preloading 0 native plugins for Editor in 0.00 ms.
Unloading 1512 Unused Serialized files (Serialized files now loaded: 0)
System memory in use before: 105.5 MB.
System memory in use after: 105.3 MB.

Unloading 14 unused Assets to reduce memory usage. Loaded Objects now: 2069.
Total: 2.353200 ms (FindLiveObjects: 0.167800 ms CreateObjectMapping: 0.049200 ms MarkObjects: 1.799700 ms  DeleteObjects: 0.335400 ms)

========================================================================
Received Prepare
Registering precompiled user dll's ...
Registered in 0.004045 seconds.
Begin MonoManager ReloadAssembly
Native extension for WindowsStandalone target not found
Refreshing native plugins compatible for Editor in 1.03 ms, found 2 plugins.
Preloading 0 native plugins for Editor in 0.00 ms.
Mono: successfully reloaded assembly
- Completed reload, in  1.300 seconds
Platform modules already initialized, skipping
Refreshing native plugins compatible for Editor in 0.44 ms, found 2 plugins.
Preloading 0 native plugins for Editor in 0.00 ms.
Unloading 1512 Unused Serialized files (Serialized files now loaded: 0)
System memory in use before: 105.5 MB.
System memory in use after: 105.3 MB.

Unloading 14 unused Assets to reduce memory usage. Loaded Objects now: 2072.
Total: 2.279900 ms (FindLiveObjects: 0.156600 ms CreateObjectMapping: 0.051400 ms MarkObjects: 1.744400 ms  DeleteObjects: 0.326700 ms)

========================================================================
Received Prepare
Registering precompiled user dll's ...
Registered in 0.004363 seconds.
Begin MonoManager ReloadAssembly
Native extension for WindowsStandalone target not found
Refreshing native plugins compatible for Editor in 0.40 ms, found 2 plugins.
Preloading 0 native plugins for Editor in 0.00 ms.
Mono: successfully reloaded assembly
- Completed reload, in  1.039 seconds
Platform modules already initialized, skipping
Refreshing native plugins compatible for Editor in 0.41 ms, found 2 plugins.
Preloading 0 native plugins for Editor in 0.00 ms.
Unloading 1512 Unused Serialized files (Serialized files now loaded: 0)
System memory in use before: 105.5 MB.
System memory in use after: 105.3 MB.

Unloading 14 unused Assets to reduce memory usage. Loaded Objects now: 2075.
Total: 2.668600 ms (FindLiveObjects: 0.163100 ms CreateObjectMapping: 0.053100 ms MarkObjects: 1.926600 ms  DeleteObjects: 0.524800 ms)

========================================================================
Received Prepare
Registering precompiled user dll's ...
Registered in 0.004097 seconds.
Begin MonoManager ReloadAssembly
Native extension for WindowsStandalone target not found
Refreshing native plugins compatible for Editor in 0.39 ms, found 2 plugins.
Preloading 0 native plugins for Editor in 0.00 ms.
Mono: successfully reloaded assembly
- Completed reload, in  1.028 seconds
Platform modules already initialized, skipping
Refreshing native plugins compatible for Editor in 0.41 ms, found 2 plugins.
Preloading 0 native plugins for Editor in 0.00 ms.
Unloading 1512 Unused Serialized files (Serialized files now loaded: 0)
System memory in use before: 105.5 MB.
System memory in use after: 105.3 MB.

Unloading 14 unused Assets to reduce memory usage. Loaded Objects now: 2078.
Total: 2.400600 ms (FindLiveObjects: 0.157600 ms CreateObjectMapping: 0.049100 ms MarkObjects: 1.852700 ms  DeleteObjects: 0.340300 ms)

========================================================================
Received Prepare
Registering precompiled user dll's ...
Registered in 0.004945 seconds.
Begin MonoManager ReloadAssembly
Native extension for WindowsStandalone target not found
Refreshing native plugins compatible for Editor in 0.45 ms, found 2 plugins.
Preloading 0 native plugins for Editor in 0.00 ms.
Mono: successfully reloaded assembly
- Completed reload, in  1.065 seconds
Platform modules already initialized, skipping
Refreshing native plugins compatible for Editor in 0.42 ms, found 2 plugins.
Preloading 0 native plugins for Editor in 0.00 ms.
Unloading 1512 Unused Serialized files (Serialized files now loaded: 0)
System memory in use before: 105.5 MB.
System memory in use after: 105.3 MB.

Unloading 14 unused Assets to reduce memory usage. Loaded Objects now: 2081.
Total: 2.676000 ms (FindLiveObjects: 0.204600 ms CreateObjectMapping: 0.082500 ms MarkObjects: 2.052600 ms  DeleteObjects: 0.335200 ms)

========================================================================
Received Import Request.
  Time since last request: 1561.482779 seconds.
  path: Assets/MainGame/Scenes/TheDungeon.unity
  artifactKey: Guid(a3fedefef377dc24584c4d0eb22da6f2) Importer(815301076,1909f56bfc062723c751e8b465ee728b)
Start importing Assets/MainGame/Scenes/TheDungeon.unity using Guid(a3fedefef377dc24584c4d0eb22da6f2) Importer(815301076,1909f56bfc062723c751e8b465ee728b)  -> (artifact id: 'b4c3a5cab1eefbf199d3e5a70d20296e') in 0.076582 seconds
  Import took 0.079537 seconds .

========================================================================
Received Prepare
Registering precompiled user dll's ...
Registered in 0.006661 seconds.
Begin MonoManager ReloadAssembly
Native extension for WindowsStandalone target not found
Refreshing native plugins compatible for Editor in 0.52 ms, found 2 plugins.
Preloading 0 native plugins for Editor in 0.00 ms.
Mono: successfully reloaded assembly
- Completed reload, in  1.060 seconds
Platform modules already initialized, skipping
Refreshing native plugins compatible for Editor in 0.39 ms, found 2 plugins.
Preloading 0 native plugins for Editor in 0.00 ms.
Unloading 1512 Unused Serialized files (Serialized files now loaded: 0)
System memory in use before: 105.5 MB.
System memory in use after: 105.3 MB.

Unloading 14 unused Assets to reduce memory usage. Loaded Objects now: 2084.
Total: 2.405800 ms (FindLiveObjects: 0.148200 ms CreateObjectMapping: 0.047500 ms MarkObjects: 1.897400 ms  DeleteObjects: 0.311800 ms)

========================================================================
Received Prepare
Registering precompiled user dll's ...
Registered in 0.004281 seconds.
Begin MonoManager ReloadAssembly
Native extension for WindowsStandalone target not found
Refreshing native plugins compatible for Editor in 0.38 ms, found 2 plugins.
Preloading 0 native plugins for Editor in 0.00 ms.
Mono: successfully reloaded assembly
- Completed reload, in  1.004 seconds
Platform modules already initialized, skipping
Refreshing native plugins compatible for Editor in 0.42 ms, found 2 plugins.
Preloading 0 native plugins for Editor in 0.00 ms.
Unloading 1512 Unused Serialized files (Serialized files now loaded: 0)
System memory in use before: 105.5 MB.
System memory in use after: 105.3 MB.

Unloading 14 unused Assets to reduce memory usage. Loaded Objects now: 2087.
Total: 2.994100 ms (FindLiveObjects: 0.266200 ms CreateObjectMapping: 0.126300 ms MarkObjects: 2.251300 ms  DeleteObjects: 0.348900 ms)

========================================================================
Received Prepare
Registering precompiled user dll's ...
Registered in 0.003995 seconds.
Begin MonoManager ReloadAssembly
Native extension for WindowsStandalone target not found
Refreshing native plugins compatible for Editor in 0.40 ms, found 2 plugins.
Preloading 0 native plugins for Editor in 0.00 ms.
Mono: successfully reloaded assembly
- Completed reload, in  1.057 seconds
Platform modules already initialized, skipping
Refreshing native plugins compatible for Editor in 0.46 ms, found 2 plugins.
Preloading 0 native plugins for Editor in 0.00 ms.
Unloading 1512 Unused Serialized files (Serialized files now loaded: 0)
System memory in use before: 105.5 MB.
System memory in use after: 105.3 MB.

Unloading 14 unused Assets to reduce memory usage. Loaded Objects now: 2090.
Total: 2.449100 ms (FindLiveObjects: 0.160100 ms CreateObjectMapping: 0.050700 ms MarkObjects: 1.920100 ms  DeleteObjects: 0.317300 ms)

========================================================================
Received Import Request.
  Time since last request: 445.523853 seconds.
  path: Assets/MainGame/Scenes/TheDungeon.unity
  artifactKey: Guid(a3fedefef377dc24584c4d0eb22da6f2) Importer(815301076,1909f56bfc062723c751e8b465ee728b)
Start importing Assets/MainGame/Scenes/TheDungeon.unity using Guid(a3fedefef377dc24584c4d0eb22da6f2) Importer(815301076,1909f56bfc062723c751e8b465ee728b)  -> (artifact id: '72104b6c8c367b60ee42e464582ff794') in 0.026363 seconds
  Import took 0.029460 seconds .

========================================================================
Received Prepare
Registering precompiled user dll's ...
Registered in 0.004461 seconds.
Begin MonoManager ReloadAssembly
Native extension for WindowsStandalone target not found
Refreshing native plugins compatible for Editor in 0.39 ms, found 2 plugins.
Preloading 0 native plugins for Editor in 0.00 ms.
Mono: successfully reloaded assembly
- Completed reload, in  1.008 seconds
Platform modules already initialized, skipping
Refreshing native plugins compatible for Editor in 0.40 ms, found 2 plugins.
Preloading 0 native plugins for Editor in 0.00 ms.
Unloading 1512 Unused Serialized files (Serialized files now loaded: 0)
System memory in use before: 105.5 MB.
System memory in use after: 105.3 MB.

Unloading 14 unused Assets to reduce memory usage. Loaded Objects now: 2093.
Total: 3.268100 ms (FindLiveObjects: 0.282200 ms CreateObjectMapping: 0.067700 ms MarkObjects: 2.577500 ms  DeleteObjects: 0.339200 ms)

========================================================================
Received Prepare
Registering precompiled user dll's ...
Registered in 0.003932 seconds.
Begin MonoManager ReloadAssembly
Native extension for WindowsStandalone target not found
Refreshing native plugins compatible for Editor in 0.38 ms, found 2 plugins.
Preloading 0 native plugins for Editor in 0.00 ms.
Mono: successfully reloaded assembly
- Completed reload, in  1.040 seconds
Platform modules already initialized, skipping
Refreshing native plugins compatible for Editor in 0.47 ms, found 2 plugins.
Preloading 0 native plugins for Editor in 0.00 ms.
Unloading 1512 Unused Serialized files (Serialized files now loaded: 0)
System memory in use before: 105.5 MB.
System memory in use after: 105.3 MB.

Unloading 14 unused Assets to reduce memory usage. Loaded Objects now: 2096.
Total: 2.454300 ms (FindLiveObjects: 0.155200 ms CreateObjectMapping: 0.048200 ms MarkObjects: 1.923300 ms  DeleteObjects: 0.326800 ms)

========================================================================
Received Import Request.
  Time since last request: 521.900785 seconds.
  path: Assets/MainGame/Scenes/TheDungeon.unity
  artifactKey: Guid(a3fedefef377dc24584c4d0eb22da6f2) Importer(815301076,1909f56bfc062723c751e8b465ee728b)
Start importing Assets/MainGame/Scenes/TheDungeon.unity using Guid(a3fedefef377dc24584c4d0eb22da6f2) Importer(815301076,1909f56bfc062723c751e8b465ee728b)  -> (artifact id: '30504eaabf71a4525a9406a388a3a18f') in 0.018023 seconds
  Import took 0.020888 seconds .

========================================================================
Received Prepare
Registering precompiled user dll's ...
Registered in 0.003988 seconds.
Begin MonoManager ReloadAssembly
Native extension for WindowsStandalone target not found
Refreshing native plugins compatible for Editor in 0.38 ms, found 2 plugins.
Preloading 0 native plugins for Editor in 0.00 ms.
Mono: successfully reloaded assembly
- Completed reload, in  1.001 seconds
Platform modules already initialized, skipping
Refreshing native plugins compatible for Editor in 0.38 ms, found 2 plugins.
Preloading 0 native plugins for Editor in 0.00 ms.
Unloading 1512 Unused Serialized files (Serialized files now loaded: 0)
System memory in use before: 105.6 MB.
System memory in use after: 105.3 MB.

Unloading 14 unused Assets to reduce memory usage. Loaded Objects now: 2099.
Total: 2.515900 ms (FindLiveObjects: 0.176800 ms CreateObjectMapping: 0.053300 ms MarkObjects: 1.948000 ms  DeleteObjects: 0.336800 ms)

========================================================================
Received Import Request.
  Time since last request: 93.777852 seconds.
  path: Assets/MainGame/Prefabs/FPSController.prefab
  artifactKey: Guid(5e9e851c0e142814dac026a256ba2ac0) Importer(815301076,1909f56bfc062723c751e8b465ee728b)
Start importing Assets/MainGame/Prefabs/FPSController.prefab using Guid(5e9e851c0e142814dac026a256ba2ac0) Importer(815301076,1909f56bfc062723c751e8b465ee728b)  -> (artifact id: 'd2a6d46db91c801cc17d9f6058e743c2') in 0.025891 seconds
  Import took 0.028858 seconds .

========================================================================
Received Import Request.
  Time since last request: 0.000283 seconds.
  path: Assets/MainGame/Prefabs/Manager.prefab
  artifactKey: Guid(20581ba7dba044a40867a321c044e250) Importer(815301076,1909f56bfc062723c751e8b465ee728b)
Start importing Assets/MainGame/Prefabs/Manager.prefab using Guid(20581ba7dba044a40867a321c044e250) Importer(815301076,1909f56bfc062723c751e8b465ee728b)  -> (artifact id: '3c5d034d04acf78c107ea5d4400ab521') in 0.033324 seconds
  Import took 0.036417 seconds .

========================================================================
Received Import Request.
  Time since last request: 4.185961 seconds.
  path: Assets/MainGame/Prefabs/Manager.prefab
  artifactKey: Guid(20581ba7dba044a40867a321c044e250) Importer(815301076,1909f56bfc062723c751e8b465ee728b)
Start importing Assets/MainGame/Prefabs/Manager.prefab using Guid(20581ba7dba044a40867a321c044e250) Importer(815301076,1909f56bfc062723c751e8b465ee728b)  -> (artifact id: '38e54ce7a8da539cf6b480a6e6b67974') in 0.010912 seconds
  Import took 0.014276 seconds .

========================================================================
Received Prepare
Registering precompiled user dll's ...
Registered in 0.004421 seconds.
Begin MonoManager ReloadAssembly
Native extension for WindowsStandalone target not found
Refreshing native plugins compatible for Editor in 0.40 ms, found 2 plugins.
Preloading 0 native plugins for Editor in 0.00 ms.
Mono: successfully reloaded assembly
- Completed reload, in  0.992 seconds
Platform modules already initialized, skipping
Refreshing native plugins compatible for Editor in 0.41 ms, found 2 plugins.
Preloading 0 native plugins for Editor in 0.00 ms.
Unloading 1512 Unused Serialized files (Serialized files now loaded: 0)
System memory in use before: 105.7 MB.
System memory in use after: 105.4 MB.

Unloading 16 unused Assets to reduce memory usage. Loaded Objects now: 2104.
Total: 2.633100 ms (FindLiveObjects: 0.159300 ms CreateObjectMapping: 0.046900 ms MarkObjects: 2.088600 ms  DeleteObjects: 0.337300 ms)

========================================================================
Received Prepare
Registering precompiled user dll's ...
Registered in 0.005293 seconds.
Begin MonoManager ReloadAssembly
Native extension for WindowsStandalone target not found
Refreshing native plugins compatible for Editor in 0.40 ms, found 2 plugins.
Preloading 0 native plugins for Editor in 0.00 ms.
Mono: successfully reloaded assembly
- Completed reload, in  1.005 seconds
Platform modules already initialized, skipping
Refreshing native plugins compatible for Editor in 0.45 ms, found 2 plugins.
Preloading 0 native plugins for Editor in 0.00 ms.
Unloading 1512 Unused Serialized files (Serialized files now loaded: 0)
System memory in use before: 105.6 MB.
System memory in use after: 105.4 MB.

Unloading 14 unused Assets to reduce memory usage. Loaded Objects now: 2107.
Total: 2.398600 ms (FindLiveObjects: 0.148700 ms CreateObjectMapping: 0.046700 ms MarkObjects: 1.879300 ms  DeleteObjects: 0.322900 ms)

========================================================================
Received Prepare
Registering precompiled user dll's ...
Registered in 0.004342 seconds.
Begin MonoManager ReloadAssembly
Native extension for WindowsStandalone target not found
Refreshing native plugins compatible for Editor in 0.39 ms, found 2 plugins.
Preloading 0 native plugins for Editor in 0.00 ms.
Mono: successfully reloaded assembly
- Completed reload, in  0.994 seconds
Platform modules already initialized, skipping
Refreshing native plugins compatible for Editor in 0.40 ms, found 2 plugins.
Preloading 0 native plugins for Editor in 0.00 ms.
Unloading 1512 Unused Serialized files (Serialized files now loaded: 0)
System memory in use before: 105.7 MB.
System memory in use after: 105.4 MB.

Unloading 14 unused Assets to reduce memory usage. Loaded Objects now: 2110.
Total: 2.421100 ms (FindLiveObjects: 0.153200 ms CreateObjectMapping: 0.047400 ms MarkObjects: 1.890600 ms  DeleteObjects: 0.329100 ms)

========================================================================
Received Prepare
Registering precompiled user dll's ...
Registered in 0.004759 seconds.
Begin MonoManager ReloadAssembly
Native extension for WindowsStandalone target not found
Refreshing native plugins compatible for Editor in 0.39 ms, found 2 plugins.
Preloading 0 native plugins for Editor in 0.00 ms.
Mono: successfully reloaded assembly
- Completed reload, in  1.166 seconds
Platform modules already initialized, skipping
Refreshing native plugins compatible for Editor in 0.47 ms, found 2 plugins.
Preloading 0 native plugins for Editor in 0.00 ms.
Unloading 1512 Unused Serialized files (Serialized files now loaded: 0)
System memory in use before: 105.6 MB.
System memory in use after: 105.5 MB.

Unloading 14 unused Assets to reduce memory usage. Loaded Objects now: 2113.
Total: 2.967400 ms (FindLiveObjects: 0.269600 ms CreateObjectMapping: 0.095900 ms MarkObjects: 2.248200 ms  DeleteObjects: 0.352400 ms)

========================================================================
Received Prepare
Registering precompiled user dll's ...
Registered in 0.004229 seconds.
Begin MonoManager ReloadAssembly
Native extension for WindowsStandalone target not found
Refreshing native plugins compatible for Editor in 0.39 ms, found 2 plugins.
Preloading 0 native plugins for Editor in 0.00 ms.
Mono: successfully reloaded assembly
- Completed reload, in  1.019 seconds
Platform modules already initialized, skipping
Refreshing native plugins compatible for Editor in 0.47 ms, found 2 plugins.
Preloading 0 native plugins for Editor in 0.00 ms.
Unloading 1512 Unused Serialized files (Serialized files now loaded: 0)
System memory in use before: 105.7 MB.
System memory in use after: 105.5 MB.

Unloading 14 unused Assets to reduce memory usage. Loaded Objects now: 2116.
Total: 2.577900 ms (FindLiveObjects: 0.181100 ms CreateObjectMapping: 0.055300 ms MarkObjects: 1.992000 ms  DeleteObjects: 0.348500 ms)

========================================================================
Received Prepare
Registering precompiled user dll's ...
Registered in 0.006275 seconds.
Begin MonoManager ReloadAssembly
Native extension for WindowsStandalone target not found
Refreshing native plugins compatible for Editor in 0.42 ms, found 2 plugins.
Preloading 0 native plugins for Editor in 0.00 ms.
Mono: successfully reloaded assembly
- Completed reload, in  1.294 seconds
Platform modules already initialized, skipping
Refreshing native plugins compatible for Editor in 0.46 ms, found 2 plugins.
Preloading 0 native plugins for Editor in 0.00 ms.
Unloading 1512 Unused Serialized files (Serialized files now loaded: 0)
System memory in use before: 105.7 MB.
System memory in use after: 105.5 MB.

Unloading 14 unused Assets to reduce memory usage. Loaded Objects now: 2119.
Total: 2.993100 ms (FindLiveObjects: 0.178100 ms CreateObjectMapping: 0.053300 ms MarkObjects: 2.381900 ms  DeleteObjects: 0.378200 ms)

AssetImportWorkerClient::OnTransportError - code=2 error=End of file
